2023-08-08 15:24:55,077 INFO scheduler Scheduled Job Start: frappe.utils.global_search.sync_global_search for my-site
2023-08-08 15:24:55,155 INFO scheduler Scheduled Job Complete: frappe.utils.global_search.sync_global_search for my-site
2023-08-08 15:24:55,192 INFO scheduler Scheduled Job Start: frappe.integrations.doctype.razorpay_settings.razorpay_settings.capture_payment for my-site
2023-08-08 15:24:55,320 INFO scheduler Scheduled Job Complete: frappe.integrations.doctype.razorpay_settings.razorpay_settings.capture_payment for my-site
2023-08-08 15:24:55,356 INFO scheduler Scheduled Job Start: frappe.email.doctype.email_account.email_account.notify_unreplied for my-site
2023-08-08 15:24:55,455 INFO scheduler Scheduled Job Complete: frappe.email.doctype.email_account.email_account.notify_unreplied for my-site
2023-08-08 15:24:55,491 INFO scheduler Scheduled Job Start: frappe.email.doctype.email_account.email_account.pull for my-site
2023-08-08 15:24:55,603 INFO scheduler Scheduled Job Complete: frappe.email.doctype.email_account.email_account.pull for my-site
2023-08-08 15:24:55,638 INFO scheduler Scheduled Job Start: frappe.email.queue.flush for my-site
2023-08-08 15:24:55,720 INFO scheduler Scheduled Job Complete: frappe.email.queue.flush for my-site
2023-08-08 15:28:55,470 INFO scheduler Scheduled Job Start: frappe.monitor.flush for my-site
2023-08-08 15:28:55,601 INFO scheduler Scheduled Job Complete: frappe.monitor.flush for my-site
2023-08-08 15:28:55,633 INFO scheduler Scheduled Job Start: frappe.utils.global_search.sync_global_search for my-site
2023-08-08 15:28:55,706 INFO scheduler Scheduled Job Complete: frappe.utils.global_search.sync_global_search for my-site
2023-08-08 15:28:55,742 INFO scheduler Scheduled Job Start: frappe.integrations.doctype.razorpay_settings.razorpay_settings.capture_payment for my-site
2023-08-08 15:28:55,930 INFO scheduler Scheduled Job Complete: frappe.integrations.doctype.razorpay_settings.razorpay_settings.capture_payment for my-site
2023-08-08 15:28:55,987 INFO scheduler Scheduled Job Start: frappe.email.doctype.email_account.email_account.notify_unreplied for my-site
2023-08-08 15:28:56,146 INFO scheduler Scheduled Job Complete: frappe.email.doctype.email_account.email_account.notify_unreplied for my-site
2023-08-08 15:28:56,200 INFO scheduler Scheduled Job Start: frappe.email.doctype.email_account.email_account.pull for my-site
2023-08-08 15:28:56,342 INFO scheduler Scheduled Job Complete: frappe.email.doctype.email_account.email_account.pull for my-site
2023-08-08 15:28:56,390 INFO scheduler Scheduled Job Start: frappe.email.queue.flush for my-site
2023-08-08 15:28:56,509 INFO scheduler Scheduled Job Complete: frappe.email.queue.flush for my-site
